<?xml version="1.0" encoding="UTF-8"?>
<!-- Generated by org.testng.reporters.JUnitReportReporter -->
<testsuite skipped="0" hostname="DESKTOP-9DU5D8K" name="test.LoginTest" tests="1" failures="0" timestamp="18 May 2020 06:02:57 GMT" time="8.081" errors="0">
  <testcase name="validUserShouldBeAbletoLoginin" time="8.081" classname="test.LoginTest"/>
</testsuite> <!-- test.LoginTest -->
